2023-02-13 16:24:18,753 ERROR [JavaFX Application Thread] u.KorisnikManager [KorisnikManager.java:51] Potrebno je unijeti korisničko ime.
2023-02-13 16:24:41,303 ERROR [JavaFX Application Thread] u.KorisnikManager [KorisnikManager.java:51] Potrebno je unijeti korisničko ime.
2023-02-13 16:24:50,421 ERROR [JavaFX Application Thread] u.KorisnikManager [KorisnikManager.java:56] Morate unijeti lozinku.
2023-02-13 21:25:52,719 ERROR [JavaFX Application Thread] c.e.a.Glavna [Glavna.java:67] Greška prilikom učitavanja zaslona ZasloniAplikacije{naslov='Prijava', fxml='login.fxml'}
2023-02-13 21:37:09,596 ERROR [JavaFX Application Thread] c.Glavna [Glavna.java:60] Greška prilikom učitavanja zaslona ZasloniAplikacije{naslov='Dobrodošli', fxml='/zasloni/zaslonAdmina.fxml'}
2023-02-13 21:42:07,309 ERROR [JavaFX Application Thread] c.Glavna [Glavna.java:60] Greška prilikom učitavanja zaslona ZasloniAplikacije{naslov='Izmjena podataka o korisnicima', fxml='/zasloni/zaslonAdminaZaUnosKorisnika.fxml'}
2023-02-13 22:12:45,087 ERROR [JavaFX Application Thread] c.Glavna [Glavna.java:60] Greška prilikom učitavanja zaslona ZasloniAplikacije{naslov='Dobrodošli', fxml='/zasloni/zaslonAdmina.fxml'}
2023-02-13 22:13:57,329 ERROR [JavaFX Application Thread] c.Glavna [Glavna.java:59] Greška prilikom učitavanja zaslona ZasloniAplikacije{naslov='Dobrodošli', fxml='/zasloni/zaslonAdmina.fxml'}
2023-02-13 22:16:38,028 ERROR [JavaFX Application Thread] u.KorisnikManager [KorisnikManager.java:61] Morate odabrati korisničku ulogu.
2023-02-13 22:16:41,028 ERROR [JavaFX Application Thread] c.Glavna [Glavna.java:49] Greška prilikom učitavanja zaslona ZasloniAplikacije{naslov='Dobrodošli', fxml='/zasloni/zaslonAdmina.fxml'}
2023-02-13 22:18:21,086 ERROR [JavaFX Application Thread] c.Glavna [Glavna.java:49] Greška prilikom učitavanja zaslona ZasloniAplikacije{naslov='Dobrodošli', fxml='/zasloni/zaslonAdmina.fxml'}. Razlog je 
/C:/Users/Marko/IdeaProjects/AplikacijaZaDonacije-JavaFX/target/classes/zasloni/izbornikAdmin.fxml:7
/C:/Users/Marko/IdeaProjects/AplikacijaZaDonacije-JavaFX/target/classes/zasloni/zaslonAdmina.fxml:16

2023-02-14 13:43:23,552 ERROR [JavaFX Application Thread] u.KorisnikManager [KorisnikManager.java:83] Pogrešno korisničko ime, lozinka ili uloga.
2023-02-14 13:54:20,655 ERROR [JavaFX Application Thread] u.KorisnikManager [KorisnikManager.java:84] Pogrešno korisničko ime, lozinka ili uloga.
2023-02-14 13:54:26,720 ERROR [JavaFX Application Thread] u.KorisnikManager [KorisnikManager.java:84] Pogrešno korisničko ime, lozinka ili uloga.
2023-02-14 16:36:19,832 ERROR [JavaFX Application Thread] u.KorisnikManager [KorisnikManager.java:83] Pogrešno korisničko ime, lozinka ili uloga.
2023-02-15 13:57:13,185 ERROR [main] h.j.v.b.BazaPodataka [BazaPodataka.java:39] Neuspješno povezivanje na bazu podataka.
2023-02-15 13:58:33,456 ERROR [main] h.j.v.b.BazaPodataka [BazaPodataka.java:39] Neuspješno povezivanje na bazu podataka.
2023-02-15 14:00:07,449 ERROR [JavaFX Application Thread] h.j.v.b.BazaPodataka [BazaPodataka.java:39] Neuspješno povezivanje na bazu podataka.
2023-02-15 14:00:07,455 ERROR [JavaFX Application Thread] c.Glavna [Glavna.java:52] Greška prilikom učitavanja zaslona ZasloniAplikacije{naslov='Dobrodošli', fxml='/zasloni/zaslonAdmina.fxml'}
2023-02-15 14:01:37,067 ERROR [JavaFX Application Thread] h.j.v.b.BazaPodataka [BazaPodataka.java:39] Neuspješno povezivanje na bazu podataka.
2023-02-15 14:01:37,074 ERROR [JavaFX Application Thread] c.Glavna [Glavna.java:52] Greška prilikom učitavanja zaslona ZasloniAplikacije{naslov='Dobrodošli', fxml='/zasloni/zaslonAdmina.fxml'}
2023-02-15 14:06:03,463 ERROR [JavaFX Application Thread] h.j.v.b.BazaPodataka [BazaPodataka.java:39] Neuspješno povezivanje na bazu podataka.
2023-02-15 14:06:03,469 ERROR [JavaFX Application Thread] c.Glavna [Glavna.java:58] Greška prilikom učitavanja zaslona ZasloniAplikacije{naslov='Dobrodošli', fxml='/zasloni/zaslonAdmina.fxml'}
2023-02-15 14:07:06,526 ERROR [JavaFX Application Thread] h.j.v.b.BazaPodataka [BazaPodataka.java:39] Neuspješno povezivanje na bazu podataka.
2023-02-15 14:07:06,528 ERROR [JavaFX Application Thread] c.Glavna [Glavna.java:58] Greška prilikom učitavanja zaslona ZasloniAplikacije{naslov='Brisanje korisnika', fxml='/zasloni/zaslonAdminaZaPretraguIBrisanjeKorisnika.fxml'}
2023-02-15 14:09:11,181 ERROR [JavaFX Application Thread] h.j.v.b.BazaPodataka [BazaPodataka.java:39] Neuspješno povezivanje na bazu podataka.
2023-02-15 14:09:11,182 ERROR [JavaFX Application Thread] c.Glavna [Glavna.java:58] Greška prilikom učitavanja zaslona ZasloniAplikacije{naslov='Brisanje korisnika', fxml='/zasloni/zaslonAdminaZaPretraguIBrisanjeKorisnika.fxml'}
2023-02-15 14:09:13,806 ERROR [JavaFX Application Thread] h.j.v.b.BazaPodataka [BazaPodataka.java:39] Neuspješno povezivanje na bazu podataka.
2023-02-15 14:09:13,806 ERROR [JavaFX Application Thread] c.Glavna [Glavna.java:58] Greška prilikom učitavanja zaslona ZasloniAplikacije{naslov='Brisanje korisnika', fxml='/zasloni/zaslonAdminaZaPretraguIBrisanjeKorisnika.fxml'}
2023-02-15 14:09:15,190 ERROR [JavaFX Application Thread] h.j.v.b.BazaPodataka [BazaPodataka.java:39] Neuspješno povezivanje na bazu podataka.
2023-02-15 14:09:15,190 ERROR [JavaFX Application Thread] c.Glavna [Glavna.java:58] Greška prilikom učitavanja zaslona ZasloniAplikacije{naslov='Unos korisnika', fxml='/zasloni/zaslonAdminaZaUnosKorisnika.fxml'}
2023-02-15 14:09:16,424 ERROR [JavaFX Application Thread] h.j.v.b.BazaPodataka [BazaPodataka.java:39] Neuspješno povezivanje na bazu podataka.
2023-02-15 14:09:16,424 ERROR [JavaFX Application Thread] c.Glavna [Glavna.java:58] Greška prilikom učitavanja zaslona ZasloniAplikacije{naslov='Brisanje korisnika', fxml='/zasloni/zaslonAdminaZaPretraguIBrisanjeKorisnika.fxml'}
2023-02-15 14:09:21,013 ERROR [JavaFX Application Thread] h.j.v.b.BazaPodataka [BazaPodataka.java:39] Neuspješno povezivanje na bazu podataka.
2023-02-15 14:09:21,013 ERROR [JavaFX Application Thread] c.Glavna [Glavna.java:58] Greška prilikom učitavanja zaslona ZasloniAplikacije{naslov='Pretraga i brisanje predmeta za doniranje', fxml='/zasloni/zaslonZaPretraguIBrisanjePredmetaDoniranja.fxml'}
2023-02-15 14:09:22,323 ERROR [JavaFX Application Thread] h.j.v.b.BazaPodataka [BazaPodataka.java:39] Neuspješno povezivanje na bazu podataka.
2023-02-15 14:09:22,324 ERROR [JavaFX Application Thread] c.Glavna [Glavna.java:58] Greška prilikom učitavanja zaslona ZasloniAplikacije{naslov='Unos predmeta za doniranje', fxml='/zasloni/zaslonZaUnosPredmetaDoniranja.fxml'}
2023-02-15 14:09:40,046 ERROR [JavaFX Application Thread] h.j.v.b.BazaPodataka [BazaPodataka.java:39] Neuspješno povezivanje na bazu podataka.
2023-02-15 14:09:40,052 ERROR [JavaFX Application Thread] c.Glavna [Glavna.java:58] Greška prilikom učitavanja zaslona ZasloniAplikacije{naslov='Dobrodošli', fxml='/zasloni/zaslonAdmina.fxml'}
2023-02-15 14:10:01,290 ERROR [JavaFX Application Thread] h.j.v.b.BazaPodataka [BazaPodataka.java:39] Neuspješno povezivanje na bazu podataka.
2023-02-15 14:10:01,291 ERROR [JavaFX Application Thread] c.Glavna [Glavna.java:58] Greška prilikom učitavanja zaslona ZasloniAplikacije{naslov='Brisanje korisnika', fxml='/zasloni/zaslonAdminaZaPretraguIBrisanjeKorisnika.fxml'}
2023-02-15 14:10:04,849 ERROR [JavaFX Application Thread] h.j.v.b.BazaPodataka [BazaPodataka.java:39] Neuspješno povezivanje na bazu podataka.
2023-02-15 14:10:04,850 ERROR [JavaFX Application Thread] c.Glavna [Glavna.java:58] Greška prilikom učitavanja zaslona ZasloniAplikacije{naslov='Brisanje korisnika', fxml='/zasloni/zaslonAdminaZaPretraguIBrisanjeKorisnika.fxml'}
2023-02-15 14:10:06,133 ERROR [JavaFX Application Thread] h.j.v.b.BazaPodataka [BazaPodataka.java:39] Neuspješno povezivanje na bazu podataka.
2023-02-15 14:10:06,133 ERROR [JavaFX Application Thread] c.Glavna [Glavna.java:58] Greška prilikom učitavanja zaslona ZasloniAplikacije{naslov='Unos korisnika', fxml='/zasloni/zaslonAdminaZaUnosKorisnika.fxml'}
2023-02-15 14:10:07,570 ERROR [JavaFX Application Thread] h.j.v.b.BazaPodataka [BazaPodataka.java:39] Neuspješno povezivanje na bazu podataka.
2023-02-15 14:10:07,571 ERROR [JavaFX Application Thread] c.Glavna [Glavna.java:58] Greška prilikom učitavanja zaslona ZasloniAplikacije{naslov='Izmjena podataka o korisnicima', fxml='/zasloni/zaslonAdminaZaIzmjenuKorisnika.fxml'}
2023-02-15 14:10:31,193 ERROR [JavaFX Application Thread] h.j.v.b.BazaPodataka [BazaPodataka.java:39] Neuspješno povezivanje na bazu podataka.
2023-02-15 14:10:31,194 ERROR [JavaFX Application Thread] c.Glavna [Glavna.java:58] Greška prilikom učitavanja zaslona ZasloniAplikacije{naslov='Brisanje korisnika', fxml='/zasloni/zaslonAdminaZaPretraguIBrisanjeKorisnika.fxml'}
2023-02-15 14:13:22,081 ERROR [JavaFX Application Thread] h.j.v.b.BazaPodataka [BazaPodataka.java:39] Neuspješno povezivanje na bazu podataka.
2023-02-15 14:13:22,086 ERROR [JavaFX Application Thread] c.Glavna [Glavna.java:58] Greška prilikom učitavanja zaslona ZasloniAplikacije{naslov='Brisanje korisnika', fxml='/zasloni/zaslonAdminaZaPretraguIBrisanjeKorisnika.fxml'}
2023-02-15 14:19:42,526 ERROR [JavaFX Application Thread] h.j.v.b.BazaPodataka [BazaPodataka.java:39] Neuspješno povezivanje na bazu podataka.
2023-02-15 14:19:42,530 ERROR [JavaFX Application Thread] c.Glavna [Glavna.java:58] Greška prilikom učitavanja zaslona ZasloniAplikacije{naslov='Brisanje korisnika', fxml='/zasloni/zaslonAdminaZaPretraguIBrisanjeKorisnika.fxml'}
2023-02-15 14:19:44,727 ERROR [JavaFX Application Thread] h.j.v.b.BazaPodataka [BazaPodataka.java:39] Neuspješno povezivanje na bazu podataka.
2023-02-15 14:19:44,728 ERROR [JavaFX Application Thread] c.Glavna [Glavna.java:58] Greška prilikom učitavanja zaslona ZasloniAplikacije{naslov='Pretraga i brisanje primatelja donacije', fxml='/zasloni/zaslonZaPretraguIBrisanjePrimateljaDonacija.fxml'}
2023-02-15 14:22:23,799 ERROR [JavaFX Application Thread] h.j.v.b.BazaPodataka [BazaPodataka.java:39] Neuspješno povezivanje na bazu podataka.
2023-02-15 14:22:23,799 ERROR [JavaFX Application Thread] c.Glavna [Glavna.java:58] Greška prilikom učitavanja zaslona ZasloniAplikacije{naslov='Brisanje korisnika', fxml='/zasloni/zaslonAdminaZaPretraguIBrisanjeKorisnika.fxml'}
2023-02-15 14:22:48,347 ERROR [JavaFX Application Thread] h.j.v.b.BazaPodataka [BazaPodataka.java:39] Neuspješno povezivanje na bazu podataka.
2023-02-15 14:22:48,353 ERROR [JavaFX Application Thread] c.Glavna [Glavna.java:58] Greška prilikom učitavanja zaslona ZasloniAplikacije{naslov='Dobrodošli', fxml='/zasloni/zaslonAdmina.fxml'}
2023-02-15 14:23:04,425 ERROR [JavaFX Application Thread] h.j.v.b.BazaPodataka [BazaPodataka.java:39] Neuspješno povezivanje na bazu podataka.
2023-02-15 14:23:04,426 ERROR [JavaFX Application Thread] c.Glavna [Glavna.java:58] Greška prilikom učitavanja zaslona ZasloniAplikacije{naslov='Brisanje korisnika', fxml='/zasloni/zaslonAdminaZaPretraguIBrisanjeKorisnika.fxml'}
2023-02-15 15:33:29,958 ERROR [JavaFX Application Thread] h.j.v.b.BazaPodataka [BazaPodataka.java:39] Neuspješno povezivanje na bazu podataka.
2023-02-15 15:33:29,965 ERROR [JavaFX Application Thread] c.Glavna [Glavna.java:58] Greška prilikom učitavanja zaslona ZasloniAplikacije{naslov='Dobrodošli', fxml='/zasloni/zaslonAdmina.fxml'}
2023-02-15 15:41:00,183 ERROR [JavaFX Application Thread] c.Glavna [Glavna.java:58] Greška prilikom učitavanja zaslona ZasloniAplikacije{naslov='Unos donacija', fxml='/zasloni/zaslonZaUnosDonacija.fxml'}
2023-02-15 15:41:05,687 ERROR [JavaFX Application Thread] c.Glavna [Glavna.java:58] Greška prilikom učitavanja zaslona ZasloniAplikacije{naslov='Unos donacija', fxml='/zasloni/zaslonZaUnosDonacija.fxml'}
2023-02-15 15:41:34,604 ERROR [JavaFX Application Thread] c.Glavna [Glavna.java:58] Greška prilikom učitavanja zaslona ZasloniAplikacije{naslov='Unos donacija', fxml='/zasloni/zaslonZaUnosDonacija.fxml'}
2023-02-15 15:41:39,542 ERROR [JavaFX Application Thread] c.Glavna [Glavna.java:58] Greška prilikom učitavanja zaslona ZasloniAplikacije{naslov='Unos donacija', fxml='/zasloni/zaslonZaUnosDonacija.fxml'}
2023-02-15 16:33:04,355 ERROR [JavaFX Application Thread] h.j.v.b.BazaPodataka [BazaPodataka.java:748] Neuspješno izvršavanje upita u bazi podataka.
2023-02-15 19:29:44,690 ERROR [JavaFX Application Thread] u.KorisnikManager [KorisnikManager.java:51] Potrebno je unijeti korisničko ime.
2023-02-15 19:41:58,935 ERROR [JavaFX Application Thread] u.KorisnikManager [KorisnikManager.java:51] Potrebno je unijeti korisničko ime.
2023-02-15 23:48:24,688 ERROR [JavaFX Application Thread] u.KorisnikManager [KorisnikManager.java:50] Potrebno je unijeti korisničko ime.
2023-02-16 02:06:31,030 ERROR [JavaFX Application Thread] c.Glavna [Glavna.java:55] Greška prilikom učitavanja zaslona ZasloniAplikacije{naslov='Pretraga i brisanje donora', fxml='/zasloni/zaslonZaPretraguIBrisanjeDonora.fxml'}
2023-02-16 02:11:43,683 ERROR [JavaFX Application Thread] c.Glavna [Glavna.java:55] Greška prilikom učitavanja zaslona ZasloniAplikacije{naslov='Pretraga i brisanje donora', fxml='/zasloni/zaslonZaPretraguIBrisanjeDonora.fxml'}
2023-02-16 02:41:29,944 ERROR [JavaFX Application Thread] c.Glavna [Glavna.java:55] Greška prilikom učitavanja zaslona ZasloniAplikacije{naslov='Izmjena podataka o primateljima donacija', fxml='/zasloni/zaslonZaIzmjenuPrimateljaDonacija.fxml'}
2023-02-16 02:59:17,986 ERROR [JavaFX Application Thread] c.Glavna [Glavna.java:55] Greška prilikom učitavanja zaslona ZasloniAplikacije{naslov='Izmjena podataka o primateljima donacija', fxml='/zasloni/zaslonZaIzmjenuPrimateljaDonacija.fxml'}
2023-02-16 04:29:57,440 ERROR [JavaFX Application Thread] u.KorisnikManager [KorisnikManager.java:82] Pogrešno korisničko ime, lozinka ili uloga.
2023-02-16 05:09:45,031 ERROR [JavaFX Application Thread] u.KorisnikManager [KorisnikManager.java:82] Pogrešno korisničko ime, lozinka ili uloga.
2023-02-16 05:09:49,806 ERROR [JavaFX Application Thread] u.KorisnikManager [KorisnikManager.java:82] Pogrešno korisničko ime, lozinka ili uloga.
2023-02-16 12:24:39,737 ERROR [JavaFX Application Thread] u.KorisnikManager [KorisnikManager.java:82] Pogrešno korisničko ime, lozinka ili uloga.
2023-02-16 12:24:45,753 ERROR [JavaFX Application Thread] u.KorisnikManager [KorisnikManager.java:82] Pogrešno korisničko ime, lozinka ili uloga.
2023-08-05 18:02:22,332 ERROR [JavaFX Application Thread] u.KorisnikManager [KorisnikManager.java:82] Pogrešno korisničko ime, lozinka ili uloga.
2023-09-10 13:36:09,719 ERROR [JavaFX Application Thread] u.KorisnikManager [KorisnikManager.java:82] Pogrešno korisničko ime, lozinka ili uloga.
2023-09-10 13:36:30,932 ERROR [JavaFX Application Thread] u.KorisnikManager [KorisnikManager.java:82] Pogrešno korisničko ime, lozinka ili uloga.
2023-09-10 13:36:45,604 ERROR [JavaFX Application Thread] h.j.v.b.BazaPodataka [BazaPodataka.java:39] Neuspješno povezivanje na bazu podataka.
2023-09-10 13:36:45,616 ERROR [JavaFX Application Thread] c.Glavna [Glavna.java:55] Greška prilikom učitavanja zaslona ZasloniAplikacije{naslov='Dobrodošli', fxml='/zasloni/zaslonAdmina.fxml'}
2023-09-10 13:36:57,566 ERROR [JavaFX Application Thread] h.j.v.b.BazaPodataka [BazaPodataka.java:39] Neuspješno povezivanje na bazu podataka.
2023-09-10 13:36:57,567 ERROR [JavaFX Application Thread] c.Glavna [Glavna.java:55] Greška prilikom učitavanja zaslona ZasloniAplikacije{naslov='Dobrodošli', fxml='/zasloni/zaslonAdmina.fxml'}
2023-09-10 13:37:09,887 ERROR [JavaFX Application Thread] h.j.v.b.BazaPodataka [BazaPodataka.java:39] Neuspješno povezivanje na bazu podataka.
2023-09-10 13:37:09,888 ERROR [JavaFX Application Thread] c.Glavna [Glavna.java:55] Greška prilikom učitavanja zaslona ZasloniAplikacije{naslov='Dobrodošli', fxml='/zasloni/zaslonAdmina.fxml'}
2023-09-10 13:37:12,705 ERROR [JavaFX Application Thread] u.KorisnikManager [KorisnikManager.java:82] Pogrešno korisničko ime, lozinka ili uloga.
2023-09-10 13:37:16,039 ERROR [JavaFX Application Thread] h.j.v.b.BazaPodataka [BazaPodataka.java:39] Neuspješno povezivanje na bazu podataka.
2023-09-10 13:37:16,040 ERROR [JavaFX Application Thread] c.Glavna [Glavna.java:55] Greška prilikom učitavanja zaslona ZasloniAplikacije{naslov='Dobrodošli', fxml='/zasloni/zaslonAdmina.fxml'}
2023-09-10 13:43:00,553 ERROR [JavaFX Application Thread] h.j.v.b.BazaPodataka [BazaPodataka.java:39] Neuspješno povezivanje na bazu podataka.
2023-09-10 13:43:00,559 ERROR [JavaFX Application Thread] c.Glavna [Glavna.java:55] Greška prilikom učitavanja zaslona ZasloniAplikacije{naslov='Dobrodošli', fxml='/zasloni/zaslonAdmina.fxml'}
2023-09-10 13:44:17,162 ERROR [JavaFX Application Thread] h.j.v.b.BazaPodataka [BazaPodataka.java:39] Neuspješno povezivanje na bazu podataka.
2023-09-10 13:44:17,168 ERROR [JavaFX Application Thread] c.Glavna [Glavna.java:55] Greška prilikom učitavanja zaslona ZasloniAplikacije{naslov='Dobrodošli', fxml='/zasloni/zaslonAdmina.fxml'}
2023-09-10 13:44:31,437 ERROR [JavaFX Application Thread] h.j.v.b.BazaPodataka [BazaPodataka.java:39] Neuspješno povezivanje na bazu podataka.
2023-09-10 13:44:31,444 ERROR [JavaFX Application Thread] c.Glavna [Glavna.java:55] Greška prilikom učitavanja zaslona ZasloniAplikacije{naslov='Pretraga i brisanje donacija', fxml='/zasloni/zaslonZaPretraguIBrisanjeDonacija.fxml'}
2023-09-10 13:45:33,351 ERROR [JavaFX Application Thread] h.j.v.b.BazaPodataka [BazaPodataka.java:39] Neuspješno povezivanje na bazu podataka.
2023-09-10 13:45:33,357 ERROR [JavaFX Application Thread] c.Glavna [Glavna.java:55] Greška prilikom učitavanja zaslona ZasloniAplikacije{naslov='Izmjena podataka o korisnicima', fxml='/zasloni/zaslonAdminaZaIzmjenuKorisnika.fxml'}
2023-09-10 14:05:12,922 ERROR [JavaFX Application Thread] h.j.v.b.BazaPodataka [BazaPodataka.java:39] Neuspješno povezivanje na bazu podataka.
2023-09-10 14:05:12,929 ERROR [JavaFX Application Thread] c.Glavna [Glavna.java:55] Greška prilikom učitavanja zaslona ZasloniAplikacije{naslov='Dobrodošli', fxml='/zasloni/zaslonAdmina.fxml'}
